[debug] [2025-02-26T19:19:00.056Z] ----------------------------------------------------------------------
[debug] [2025-02-26T19:19:00.060Z] Command:       C:\Program Files\nodejs\node.exe C:\Users\Lowell\AppData\Roaming\npm\node_modules\firebase-tools\lib\bin\firebase.js init
[debug] [2025-02-26T19:19:00.061Z] CLI Version:   13.31.2
[debug] [2025-02-26T19:19:00.061Z] Platform:      win32
[debug] [2025-02-26T19:19:00.061Z] Node Version:  v22.13.1
[debug] [2025-02-26T19:19:00.061Z] Time:          Thu Feb 27 2025 03:19:00 GMT+0800 (Philippine Standard Time)
[debug] [2025-02-26T19:19:00.062Z] ----------------------------------------------------------------------
[debug] 
[debug] [2025-02-26T19:19:00.069Z] >>> [apiv2][query] GET https://firebase-public.firebaseio.com/cli.json [none]
[debug] [2025-02-26T19:19:00.130Z] > command requires scopes: ["email","openid","https://www.googleapis.com/auth/cloudplatformprojects.readonly","https://www.googleapis.com/auth/firebase","https://www.googleapis.com/auth/cloud-platform"]
[debug] [2025-02-26T19:19:00.131Z] > authorizing via signed-in user (lowell.bulsuan03@gmail.com)
[info] 
     ######## #### ########  ######## ########     ###     ######  ########
     ##        ##  ##     ## ##       ##     ##  ##   ##  ##       ##
     ######    ##  ########  ######   ########  #########  ######  ######
     ##        ##  ##    ##  ##       ##     ## ##     ##       ## ##
     ##       #### ##     ## ######## ########  ##     ##  ######  ########

You're about to initialize a Firebase project in this directory:

  C:\Users\Lowell\Documents\PROJECTS\tanikala-backend

[debug] [2025-02-26T19:19:00.552Z] <<< [apiv2][status] GET https://firebase-public.firebaseio.com/cli.json 200
[debug] [2025-02-26T19:19:00.553Z] <<< [apiv2][body] GET https://firebase-public.firebaseio.com/cli.json {"cloudBuildErrorAfter":1594252800000,"cloudBuildWarnAfter":1590019200000,"defaultNode10After":1594252800000,"minVersion":"3.0.5","node8DeploysDisabledAfter":1613390400000,"node8RuntimeDisabledAfter":1615809600000,"node8WarnAfter":1600128000000}
[debug] [2025-02-26T19:19:08.833Z] ----------------------------------------------------------------------
[debug] [2025-02-26T19:19:08.837Z] Command:       C:\Program Files\nodejs\node.exe C:\Users\Lowell\AppData\Roaming\npm\node_modules\firebase-tools\lib\bin\firebase.js init functions
[debug] [2025-02-26T19:19:08.837Z] CLI Version:   13.31.2
[debug] [2025-02-26T19:19:08.838Z] Platform:      win32
[debug] [2025-02-26T19:19:08.838Z] Node Version:  v22.13.1
[debug] [2025-02-26T19:19:08.838Z] Time:          Thu Feb 27 2025 03:19:08 GMT+0800 (Philippine Standard Time)
[debug] [2025-02-26T19:19:08.838Z] ----------------------------------------------------------------------
[debug] 
[debug] [2025-02-26T19:19:08.852Z] > command requires scopes: ["email","openid","https://www.googleapis.com/auth/cloudplatformprojects.readonly","https://www.googleapis.com/auth/firebase","https://www.googleapis.com/auth/cloud-platform"]
[debug] [2025-02-26T19:19:08.853Z] > authorizing via signed-in user (lowell.bulsuan03@gmail.com)
[info] 
     ######## #### ########  ######## ########     ###     ######  ########
     ##        ##  ##     ## ##       ##     ##  ##   ##  ##       ##
     ######    ##  ########  ######   ########  #########  ######  ######
     ##        ##  ##    ##  ##       ##     ## ##     ##       ## ##
     ##       #### ##     ## ######## ########  ##     ##  ######  ########

You're about to initialize a Firebase project in this directory:

  C:\Users\Lowell\Documents\PROJECTS\tanikala-backend

